2021-08-29 14:23:07 -  - exec CUpdateClientPartner::SearchModulesEx
2021-08-29 14:23:07 -  - exec CUpdateClientPartner::__CollectRequestData
2021-08-29 14:23:07 -  - utf=Y&lang=ru&stable=Y&CANGZIP=Y&SUPD_DBS=MYSQL&XE=N&CLIENT_SITE=ivi.betahon.by&LICENSE_KEY=X&SUPD_STS=1&SUPD_URS=0&SUPD_URSA=1&TYPENC=D&CLIENT_PHPVER=7.3.29&NGINX=Y&dbv=5.7.35&instm=main%2C21.400.100%2CY%3Biblock%2C21.400.100%2CN%3Bbitrixcloud%2C21.0.0%2CN%3Bhighloadblock%2C21.100.0%2CN%3Bsocialservices%2C21.100.0%2CN%3Bperfmon%2C21.0.0%2CN%3Bb24connector%2C21.0.0%2CN%3Bfileman%2C21.200.0%2CN%3Bseo%2C21.300.0%2CN%3Bbitrix.sitecorporate%2C15.5.0%2CN%3Bclouds%2C21.100.0%2CN%3Blanding%2C21.300.300%2CN%3Bsearch%2C21.0.100%2CN%3Btranslate%2C21.100.0%2CN%3Bui%2C21.300.0%2CN%3Bmessageservice%2C21.100.0%2CN%3Brest%2C21.200.0%2CN&search_module_id=&search_module=&search_category=7%2C14&search_type=&search_order=DESC&search_order_by=SORT&search_page=1&SUPD_SRS=RU&SUPD_CMP=N
2021-08-29 14:23:07 -  - exec CUpdateClientPartner::GetHTTPPage
2021-08-29 14:23:07 -  - TIME SearchModulesEx(request) 0.209 sec
2021-08-29 14:23:07 -  - exec CUpdateClientPartner::ParseServerData
2021-08-29 14:23:07 - GUL02 - [LICENSE_NOT_FOUND] Лицензия не найдена
2021-09-07 11:36:15 -  - exec CUpdateClientPartner::GetUpdatesList
2021-09-07 11:36:15 -  - exec CUpdateClientPartner::__CollectRequestData
2021-09-07 11:36:15 -  - utf=Y&lang=ru&stable=Y&CANGZIP=Y&SUPD_DBS=MYSQL&XE=N&CLIENT_SITE=ivi.betahon.by&LICENSE_KEY=X&SUPD_STS=1&SUPD_URS=0&SUPD_URSA=1&TYPENC=D&CLIENT_PHPVER=7.3.29&NGINX=Y&dbv=5.7.35&instm=main%2C21.400.100%2CY%3Biblock%2C21.400.100%2CN%3Bbitrixcloud%2C21.0.0%2CN%3Bhighloadblock%2C21.100.0%2CN%3Besol.importexportexcel%2C2.4.3%2CN%3Bsocialservices%2C21.100.0%2CN%3Besol.importxml%2C0.6.1%2CN%3Bperfmon%2C21.0.0%2CN%3Bb24connector%2C21.0.0%2CN%3Bfileman%2C21.200.0%2CN%3Bseo%2C21.300.0%2CN%3Bbitrix.sitecorporate%2C15.5.0%2CN%3Bclouds%2C21.100.0%2CN%3Blanding%2C21.300.300%2CN%3Bsearch%2C21.0.100%2CN%3Btranslate%2C21.100.0%2CN%3Bui%2C21.300.0%2CN%3Bmessageservice%2C21.100.0%2CN%3Brest%2C21.200.0%2CN&reqm=e&fullmoduleinfo=Y&SUPD_SRS=RU&SUPD_CMP=N
2021-09-07 11:36:15 -  - exec CUpdateClientPartner::GetHTTPPage
2021-09-07 11:36:15 -  - TIME GetUpdatesList(request) 0.269 sec
2021-09-07 11:36:15 -  - exec CUpdateClientPartner::ParseServerData
2021-09-07 21:58:55 -  - exec CUpdateClientPartner::GetUpdatesList
2021-09-07 21:58:55 -  - exec CUpdateClientPartner::__CollectRequestData
2021-09-07 21:58:55 -  - utf=Y&lang=ru&stable=Y&CANGZIP=Y&SUPD_DBS=MYSQL&XE=N&CLIENT_SITE=ivi.betahon.by&LICENSE_KEY=X&SUPD_STS=1&SUPD_URS=0&SUPD_URSA=1&TYPENC=D&CLIENT_PHPVER=7.3.29&NGINX=Y&dbv=5.7.35&instm=main%2C21.400.100%2CY%3Biblock%2C21.400.100%2CN%3Bbitrixcloud%2C21.0.0%2CN%3Bhighloadblock%2C21.100.0%2CN%3Besol.importexportexcel%2C2.4.3%2CN%3Bsocialservices%2C21.100.0%2CN%3Besol.importxml%2C0.6.1%2CN%3Bperfmon%2C21.0.0%2CN%3Bb24connector%2C21.0.0%2CN%3Bfileman%2C21.200.0%2CN%3Bseo%2C21.300.0%2CN%3Bbitrix.sitecorporate%2C15.5.0%2CN%3Bclouds%2C21.100.0%2CN%3Blanding%2C21.300.300%2CN%3Bsearch%2C21.0.100%2CN%3Btranslate%2C21.100.0%2CN%3Bui%2C21.300.0%2CN%3Bmessageservice%2C21.100.0%2CN%3Brest%2C21.200.0%2CN&reqm=e&fullmoduleinfo=Y&SUPD_SRS=RU&SUPD_CMP=N
2021-09-07 21:58:55 -  - exec CUpdateClientPartner::GetHTTPPage
2021-09-07 21:58:56 -  - TIME GetUpdatesList(request) 0.197 sec
2021-09-07 21:58:56 -  - exec CUpdateClientPartner::ParseServerData
2021-09-07 22:21:31 -  - exec CUpdateClientPartner::GetUpdatesList
2021-09-07 22:21:31 -  - exec CUpdateClientPartner::__CollectRequestData
2021-09-07 22:21:31 -  - utf=Y&lang=ru&stable=Y&CANGZIP=Y&SUPD_DBS=MYSQL&XE=N&CLIENT_SITE=ivi.betahon.by&LICENSE_KEY=X&SUPD_STS=1&SUPD_URS=0&SUPD_URSA=1&TYPENC=D&CLIENT_PHPVER=7.3.29&NGINX=Y&dbv=5.7.35&instm=main%2C21.400.100%2CY%3Biblock%2C21.400.100%2CN%3Bbitrixcloud%2C21.0.0%2CN%3Bhighloadblock%2C21.100.0%2CN%3Besol.importexportexcel%2C2.4.3%2CN%3Bsocialservices%2C21.100.0%2CN%3Besol.importxml%2C0.6.1%2CN%3Bperfmon%2C21.0.0%2CN%3Bb24connector%2C21.0.0%2CN%3Bfileman%2C21.200.0%2CN%3Bseo%2C21.300.0%2CN%3Bbitrix.sitecorporate%2C15.5.0%2CN%3Bclouds%2C21.100.0%2CN%3Blanding%2C21.300.300%2CN%3Bsearch%2C21.0.100%2CN%3Btranslate%2C21.100.0%2CN%3Bui%2C21.300.0%2CN%3Bmessageservice%2C21.100.0%2CN%3Brest%2C21.200.0%2CN&reqm=e&fullmoduleinfo=Y&SUPD_SRS=RU&SUPD_CMP=N
2021-09-07 22:21:31 -  - exec CUpdateClientPartner::GetHTTPPage
2021-09-07 22:21:31 -  - TIME GetUpdatesList(request) 0.223 sec
2021-09-07 22:21:31 -  - exec CUpdateClientPartner::ParseServerData
