2021-Sep-02 13:46:15 Наличие необходимых модулей php (check_php_modules): Ok
Все необходимые модули установлены
2021-Sep-02 13:46:15 Обязательные параметры PHP (check_php_settings): Fail
Ошибка! Параметр opcache.revalidate_freq = 2, требуется 0
2021-Sep-02 13:46:15 Модули веб-сервера (check_security): Ok
Конфликтов не выявлено
2021-Sep-02 13:46:15 Значения переменных сервера (check_server_vars): Ok
Корректные
2021-Sep-02 13:46:15 Сохранение сессии (check_session): Ok
50% done
2021-Sep-02 13:46:15 Сохранение сессии (check_session): Ok
Успешно
2021-Sep-02 13:46:15 Параметры настройки UTF (mbstring и константа BX_UTF) (check_mbstring): Ok
Правильные. Сайт работает в UTF кодировке
2021-Sep-02 13:46:15 Служебные скрипты в корне сайта (check_install_scripts): Ok
Отсутствуют
2021-Sep-02 13:46:15 Работа с сокетами (check_socket): Ok
Connection to ssl://ivi.betahon.by:443	Success

Успешно
2021-Sep-02 13:46:15 Выполнение агентов на cron (check_bx_crontab): Warning
Замечание. Агенты выполняются на хитах, рекомендуется перевести выполнение агентов на cron
2021-Sep-02 13:46:16 Параметры подключения к базе данных (check_dbconn_settings): Ok
Успешно
2021-Sep-02 13:46:16 Лишний вывод в файлах конфигурации (check_dbconn): Ok
Connection to ssl://ivi.betahon.by:443	Success

Успешно
2021-Sep-02 13:46:16 Сохранение сессии без UserAgent (check_session_ua): Ok
50% done
Connection to ssl://ivi.betahon.by:443	Success

2021-Sep-02 13:46:16 Сохранение сессии без UserAgent (check_session_ua): Ok
Connection to ssl://ivi.betahon.by:443	Success

Успешно
2021-Sep-02 13:46:16 Настройки сайтов (check_sites): Ok
Правильные
2021-Sep-02 13:46:16 Передача объектов по ссылке (check_clone): Ok
Успешно
2021-Sep-02 13:46:16 Размер стека и pcre.recursion_limit (check_pcre_recursion): Ok
Connection to ssl://ivi.betahon.by:443	Success

Успешно
2021-Sep-02 13:46:16 Загрузка файла (check_upload): Ok
Connection to ssl://ivi.betahon.by:443	Success

Успешно
2021-Sep-02 13:46:18 Загрузка файла больше 4Мб (check_upload_big): Ok
Connection to ssl://ivi.betahon.by:443	Success

Успешно
2021-Sep-02 13:46:18 Загрузка файла через php://input (check_upload_raw): Ok
Connection to ssl://ivi.betahon.by:443	Success

Успешно
2021-Sep-02 13:46:18 Передача POST запроса с большим числом параметров (check_post): Ok
Connection to ssl://ivi.betahon.by:443	Success

Успешно
2021-Sep-02 13:46:18 Отправка почты (check_mail): Ok
Успешно
2021-Sep-02 13:46:19 Отправка почтового сообщения больше 64Кб (check_mail_big): Ok
Успешно
2021-Sep-02 13:46:19 Проверка на наличие неотправленных сообщений (check_mail_b_event): Ok
Успешно
2021-Sep-02 13:46:19 Внутреннее перенаправление (функция LocalRedirect) (check_localredirect): Ok
50% done
Connection to ssl://ivi.betahon.by:443	Success

2021-Sep-02 13:46:19 Внутреннее перенаправление (функция LocalRedirect) (check_localredirect): Ok
Connection to ssl://ivi.betahon.by:443	Success

Успешно
2021-Sep-02 13:46:19 Фактическое ограничение памяти (check_memory_limit): Ok
20% done
Connection to ssl://ivi.betahon.by:443	Success

2021-Sep-02 13:46:19 Фактическое ограничение памяти (check_memory_limit): Ok
40% done
Connection to ssl://ivi.betahon.by:443	Success

2021-Sep-02 13:46:20 Фактическое ограничение памяти (check_memory_limit): Ok
60% done
Connection to ssl://ivi.betahon.by:443	Success

2021-Sep-02 13:46:20 Фактическое ограничение памяти (check_memory_limit): Ok
80% done
Connection to ssl://ivi.betahon.by:443	Success

2021-Sep-02 13:46:20 Фактическое ограничение памяти (check_memory_limit): Ok
Connection to ssl://ivi.betahon.by:443	Success

Не менее 256 М
2021-Sep-02 13:46:20 Работа с файлами кеша (check_cache): Ok
Успешно
2021-Sep-02 13:46:21 Доступ к серверу обновлений (check_update): Ok
Успешно
2021-Sep-02 13:46:21 HTTP авторизация (check_http_auth): Ok
Connection to ssl://ivi.betahon.by:443	Success

Успешно
2021-Sep-02 13:46:21 Создание и запуск файла (check_exec): Ok
Connection to ssl://ivi.betahon.by:443	Success

Успешно
2021-Sep-02 13:46:21 Функция getimagesize для swf (check_getimagesize): Ok
Успешно
2021-Sep-02 13:46:21 Версия MySQL-сервера (check_mysql_bug_version): Ok
Успешно
2021-Sep-02 13:46:22 Время на БД и веб-сервере (check_mysql_time): Ok
Успешно
2021-Sep-02 13:46:22 Режим работы MySQL (check_mysql_mode): Fail
Ошибка! innodb_strict_mode=ON, требуется OFF
2021-Sep-02 13:46:22 Кодировка соединения (check_mysql_connection_charset): Ok
character_set_connection=utf8, collation_connection=utf8_unicode_ci, character_set_results=utf8
Успешно
2021-Sep-02 13:46:22 Кодировка базы данных (check_mysql_db_charset): Ok
CHARSET=utf8, COLLATION=utf8_unicode_ci
Успешно
2021-Sep-02 13:46:22 Кодировки таблиц в БД (check_mysql_table_charset): Ok
Успешно
2021-Sep-02 13:46:23 Структура базы данных (check_mysql_table_structure): Ok
0% done
2021-Sep-02 13:46:23 Структура базы данных (check_mysql_table_structure): Ok
6% done
2021-Sep-02 13:46:23 Структура базы данных (check_mysql_table_structure): Ok
12% done
2021-Sep-02 13:46:23 Структура базы данных (check_mysql_table_structure): Ok
18% done
2021-Sep-02 13:46:23 Структура базы данных (check_mysql_table_structure): Ok
25% done
2021-Sep-02 13:46:23 Структура базы данных (check_mysql_table_structure): Ok
31% done
2021-Sep-02 13:46:25 Структура базы данных (check_mysql_table_structure): Ok
37% done
2021-Sep-02 13:46:25 Структура базы данных (check_mysql_table_structure): Ok
43% done
2021-Sep-02 13:46:25 Структура базы данных (check_mysql_table_structure): Ok
50% done
2021-Sep-02 13:46:25 Структура базы данных (check_mysql_table_structure): Ok
56% done
2021-Sep-02 13:46:26 Структура базы данных (check_mysql_table_structure): Ok
62% done
2021-Sep-02 13:46:26 Структура базы данных (check_mysql_table_structure): Ok
68% done
2021-Sep-02 13:46:27 Структура базы данных (check_mysql_table_structure): Ok
75% done
2021-Sep-02 13:46:27 Структура базы данных (check_mysql_table_structure): Ok
81% done
2021-Sep-02 13:46:27 Структура базы данных (check_mysql_table_structure): Ok
87% done
2021-Sep-02 13:46:27 Структура базы данных (check_mysql_table_structure): Ok
93% done
2021-Sep-02 13:46:27 Структура базы данных (check_mysql_table_structure): Ok
Успешно
